#
# There is insufficient memory for the Java Runtime Environment to continue.
# Native memory allocation (malloc) failed to allocate 831536 bytes for Chunk::new
# Possible reasons:
#   The system is out of physical RAM or swap space
#   The process is running with CompressedOops enabled, and the Java Heap may be blocking the growth of the native heap
# Possible solutions:
#   Reduce memory load on the system
#   Increase physical memory or swap space
#   Check if swap backing store is full
#   Decrease Java heap size (-Xmx/-Xms)
#   Decrease number of Java threads
#   Decrease Java thread stack sizes (-Xss)
#   Set larger code cache with -XX:ReservedCodeCacheSize=
#   JVM is running with Unscaled Compressed Oops mode in which the Java heap is
#     placed in the first 4GB address space. The Java Heap base address is the
#     maximum limit for the native heap growth. Please use -XX:HeapBaseMinAddress
#     to set the Java Heap base and to place the Java Heap above 4GB virtual address.
# This output file may be truncated or incomplete.
#
#  Out of Memory Error (arena.cpp:189), pid=8292, tid=10220
#
# JRE version: Java(TM) SE Runtime Environment (17.0.12+8) (build 17.0.12+8-LTS-286)
# Java VM: Java HotSpot(TM) 64-Bit Server VM (17.0.12+8-LTS-286, mixed mode, sharing, tiered, compressed oops, compressed class ptrs, g1 gc, windows-amd64)
# No core dump will be written. Minidumps are not enabled by default on client versions of Windows
#

---------------  S U M M A R Y ------------

Command Line: -Dclassworlds.conf=D:\vscode\apache-maven-3.9.9-bin\apache-maven-3.9.9\bin\m2.conf -Dmaven.home=D:\vscode\apache-maven-3.9.9-bin\apache-maven-3.9.9 -Dlibrary.jansi.path=D:\vscode\apache-maven-3.9.9-bin\apache-maven-3.9.9\lib\jansi-native -Dmaven.multiModuleProjectDirectory=C:\Users\Administrator\Desktop\Smoking-Cessation-Support-Platform\smoking-cessation-platform org.codehaus.plexus.classworlds.launcher.Launcher spring-boot:run

Host: Intel(R) Core(TM) i5-3337U CPU @ 1.80GHz, 4 cores, 3G,  Windows 10 , 64 bit Build 19041 (10.0.19041.5198)
Time: Thu Jun  5 19:26:04 2025 SE Asia Standard Time elapsed time: 8.298572 seconds (0d 0h 0m 8s)

---------------  T H R E A D  ---------------

Current thread (0x0000021324469340):  JavaThread "C2 CompilerThread0" daemon [_thread_in_native, id=10220, stack(0x00000083f5a00000,0x00000083f5b00000)]


Current CompileTask:
C2:   8299 4702   !   4       jdk.internal.loader.BuiltinClassLoader::loadClassOrNull (143 bytes)

Stack: [0x00000083f5a00000,0x00000083f5b00000]
Native frames: (J=compiled Java code, j=interpreted, Vv=VM code, C=native code)
V  [jvm.dll+0x67a04a]
V  [jvm.dll+0x7da4ed]
V  [jvm.dll+0x7dbe33]
V  [jvm.dll+0x7dc4a3]
V  [jvm.dll+0x24508f]
V  [jvm.dll+0xab773]
V  [jvm.dll+0xabd3c]
V  [jvm.dll+0x2aa52f]
V  [jvm.dll+0x581eb9]
V  [jvm.dll+0x21f422]
V  [jvm.dll+0x21f81f]
V  [jvm.dll+0x218aa0]
V  [jvm.dll+0x215b65]
V  [jvm.dll+0x1a2960]
V  [jvm.dll+0x22610b]
V  [jvm.dll+0x2242ab]
V  [jvm.dll+0x79075c]
V  [jvm.dll+0x78abea]
V  [jvm.dll+0x678f35]
C  [ucrtbase.dll+0x21bb2]
C  [KERNEL32.DLL+0x17374]
C  [ntdll.dll+0x4cc91]


---------------  P R O C E S S  ---------------

Threads class SMR info:
_java_thread_list=0x000002136a783e00, length=13, elements={
0x000002130925a4a0, 0x0000021309316090, 0x0000021309316f10, 0x000002130932e4f0,
0x00000213244501a0, 0x0000021324451ae0, 0x0000021324452500, 0x0000021324469340,
0x000002132445e330, 0x00000213244510c0, 0x0000021324452a10, 0x0000021324450bb0,
0x0000021324452f20
}

Java Threads: ( => current thread )
  0x000002130925a4a0 JavaThread "main" [_thread_in_vm, id=9532, stack(0x00000083f4d00000,0x00000083f4e00000)]
  0x0000021309316090 JavaThread "Reference Handler" daemon [_thread_blocked, id=2572, stack(0x00000083f5400000,0x00000083f5500000)]
  0x0000021309316f10 JavaThread "Finalizer" daemon [_thread_blocked, id=5504, stack(0x00000083f5500000,0x00000083f5600000)]
  0x000002130932e4f0 JavaThread "Signal Dispatcher" daemon [_thread_blocked, id=10964, stack(0x00000083f5600000,0x00000083f5700000)]
  0x00000213244501a0 JavaThread "Attach Listener" daemon [_thread_blocked, id=11172, stack(0x00000083f5700000,0x00000083f5800000)]
  0x0000021324451ae0 JavaThread "Service Thread" daemon [_thread_blocked, id=4220, stack(0x00000083f5800000,0x00000083f5900000)]
  0x0000021324452500 JavaThread "Monitor Deflation Thread" daemon [_thread_blocked, id=11216, stack(0x00000083f5900000,0x00000083f5a00000)]
=>0x0000021324469340 JavaThread "C2 CompilerThread0" daemon [_thread_in_native, id=10220, stack(0x00000083f5a00000,0x00000083f5b00000)]
  0x000002132445e330 JavaThread "C1 CompilerThread0" daemon [_thread_blocked, id=1812, stack(0x00000083f5b00000,0x00000083f5c00000)]
  0x00000213244510c0 JavaThread "Sweeper thread" daemon [_thread_blocked, id=1496, stack(0x00000083f5c00000,0x00000083f5d00000)]
  0x0000021324452a10 JavaThread "Notification Thread" daemon [_thread_blocked, id=8260, stack(0x00000083f5d00000,0x00000083f5e00000)]
  0x0000021324450bb0 JavaThread "Common-Cleaner" daemon [_thread_blocked, id=11016, stack(0x00000083f5f00000,0x00000083f6000000)]
  0x0000021324452f20 JavaThread "Thread-1" daemon [_thread_blocked, id=9948, stack(0x00000083f6300000,0x00000083f6400000)]

Other Threads:
  0x000002130930f470 VMThread "VM Thread" [stack: 0x00000083f5300000,0x00000083f5400000] [id=10248]
  0x00000213092a56b0 WatcherThread [stack: 0x00000083f5e00000,0x00000083f5f00000] [id=7392]
  0x00000213092920e0 GCTaskThread "GC Thread#0" [stack: 0x00000083f4e00000,0x00000083f4f00000] [id=7468]
  0x000002136a4a8f00 GCTaskThread "GC Thread#1" [stack: 0x00000083f6000000,0x00000083f6100000] [id=7460]
  0x000002136a48cb40 GCTaskThread "GC Thread#2" [stack: 0x00000083f6100000,0x00000083f6200000] [id=11104]
  0x000002136a48ce00 GCTaskThread "GC Thread#3" [stack: 0x00000083f6200000,0x00000083f6300000] [id=10780]
  0x000002130929ac30 ConcurrentGCThread "G1 Main Marker" [stack: 0x00000083f4f00000,0x00000083f5000000] [id=6300]
  0x000002130929b640 ConcurrentGCThread "G1 Conc#0" [stack: 0x00000083f5000000,0x00000083f5100000] [id=11020]
  0x00000213092df6c0 ConcurrentGCThread "G1 Refine#0" [stack: 0x00000083f5100000,0x00000083f5200000] [id=6576]
  0x00000213092e00f0 ConcurrentGCThread "G1 Service" [stack: 0x00000083f5200000,0x00000083f5300000] [id=1768]

Threads with active compile tasks:
C2 CompilerThread0     8498 4702   !   4       jdk.internal.loader.BuiltinClassLoader::loadClassOrNull (143 bytes)

VM state: not at safepoint (normal execution)

VM Mutex/Monitor currently owned by a thread:  ([mutex/lock_event])
[0x0000021309248ad0] Metaspace_lock - owner thread: 0x000002130925a4a0

Heap address: 0x00000000c2000000, size: 992 MB, Compressed Oops mode: 32-bit

CDS archive(s) mapped at: [0x0000021325000000-0x0000021325bd0000-0x0000021325bd0000), size 12386304, SharedBaseAddress: 0x0000021325000000, ArchiveRelocationMode: 1.
Compressed class space mapped at: 0x0000021326000000-0x0000021366000000, reserved size: 1073741824
Narrow klass base: 0x0000021325000000, Narrow klass shift: 0, Narrow klass range: 0x100000000

GC Precious Log:
 CPUs: 4 total, 4 available
 Memory: 3962M
 Large Page Support: Disabled
 NUMA Support: Disabled
 Compressed Oops: Enabled (32-bit)
 Heap Region Size: 1M
 Heap Min Capacity: 8M
 Heap Initial Capacity: 62M
 Heap Max Capacity: 992M
 Pre-touch: Disabled
 Parallel Workers: 4
 Concurrent Workers: 1
 Concurrent Refinement Workers: 4
 Periodic GC: Disabled

Heap:
 garbage-first heap   total 83968K, used 27979K [0x00000000c2000000, 0x0000000100000000)
  region size 1024K, 12 young (12288K), 3 survivors (3072K)
 Metaspace       used 21006K, committed 21248K, reserved 1114112K
  class space    used 2484K, committed 2624K, reserved 1048576K

Heap Regions: E=young(eden), S=young(survivor), O=old, HS=humongous(starts), HC=humongous(continues), CS=collection set, F=free, OA=open archive, CA=closed archive, TAMS=top-at-mark-start (previous, next)
|   0|0x00000000c2000000, 0x00000000c2100000, 0x00000000c2100000|100%| O|  |TAMS 0x00000000c2100000, 0x00000000c2100000| Untracked 
|   1|0x00000000c2100000, 0x00000000c2200000, 0x00000000c2200000|100%| O|  |TAMS 0x00000000c2200000, 0x00000000c2200000| Untracked 
|   2|0x00000000c2200000, 0x00000000c2300000, 0x00000000c2300000|100%| O|  |TAMS 0x00000000c2300000, 0x00000000c2300000| Untracked 
|   3|0x00000000c2300000, 0x00000000c2400000, 0x00000000c2400000|100%| O|  |TAMS 0x00000000c2400000, 0x00000000c2400000| Untracked 
|   4|0x00000000c2400000, 0x00000000c2500000, 0x00000000c2500000|100%| O|  |TAMS 0x00000000c2500000, 0x00000000c2500000| Untracked 
|   5|0x00000000c2500000, 0x00000000c2600000, 0x00000000c2600000|100%| O|  |TAMS 0x00000000c2600000, 0x00000000c2600000| Untracked 
|   6|0x00000000c2600000, 0x00000000c2700000, 0x00000000c2700000|100%| O|  |TAMS 0x00000000c2700000, 0x00000000c2700000| Untracked 
|   7|0x00000000c2700000, 0x00000000c2800000, 0x00000000c2800000|100%| O|  |TAMS 0x00000000c2800000, 0x00000000c2800000| Untracked 
|   8|0x00000000c2800000, 0x00000000c2900000, 0x00000000c2900000|100%| O|  |TAMS 0x00000000c2900000, 0x00000000c2900000| Untracked 
|   9|0x00000000c2900000, 0x00000000c2a00000, 0x00000000c2a00000|100%| O|  |TAMS 0x00000000c2a00000, 0x00000000c2a00000| Untracked 
|  10|0x00000000c2a00000, 0x00000000c2b00000, 0x00000000c2b00000|100%| O|  |TAMS 0x00000000c2b00000, 0x00000000c2b00000| Untracked 
|  11|0x00000000c2b00000, 0x00000000c2c00000, 0x00000000c2c00000|100%| O|  |TAMS 0x00000000c2c00000, 0x00000000c2c00000| Untracked 
|  12|0x00000000c2c00000, 0x00000000c2d00000, 0x00000000c2d00000|100%|HS|  |TAMS 0x00000000c2c00000, 0x00000000c2c00000| Complete 
|  13|0x00000000c2d00000, 0x00000000c2e00000, 0x00000000c2e00000|100%|HC|  |TAMS 0x00000000c2d00000, 0x00000000c2d00000| Complete 
|  14|0x00000000c2e00000, 0x00000000c2f00000, 0x00000000c2f00000|100%|HS|  |TAMS 0x00000000c2e00000, 0x00000000c2e00000| Complete 
|  15|0x00000000c2f00000, 0x00000000c3000000, 0x00000000c3000000|100%|HC|  |TAMS 0x00000000c2f00000, 0x00000000c2f00000| Complete 
|  16|0x00000000c3000000, 0x00000000c3000000, 0x00000000c3100000|  0%| F|  |TAMS 0x00000000c3000000, 0x00000000c3000000| Untracked 
|  17|0x00000000c3100000, 0x00000000c3100000, 0x00000000c3200000|  0%| F|  |TAMS 0x00000000c3100000, 0x00000000c3100000| Untracked 
|  18|0x00000000c3200000, 0x00000000c3200000, 0x00000000c3300000|  0%| F|  |TAMS 0x00000000c3200000, 0x00000000c3200000| Untracked 
|  19|0x00000000c3300000, 0x00000000c3300000, 0x00000000c3400000|  0%| F|  |TAMS 0x00000000c3300000, 0x00000000c3300000| Untracked 
|  20|0x00000000c3400000, 0x00000000c3400000, 0x00000000c3500000|  0%| F|  |TAMS 0x00000000c3400000, 0x00000000c3400000| Untracked 
|  21|0x00000000c3500000, 0x00000000c3500000, 0x00000000c3600000|  0%| F|  |TAMS 0x00000000c3500000, 0x00000000c3500000| Untracked 
|  22|0x00000000c3600000, 0x00000000c3600000, 0x00000000c3700000|  0%| F|  |TAMS 0x00000000c3600000, 0x00000000c3600000| Untracked 
|  23|0x00000000c3700000, 0x00000000c3700000, 0x00000000c3800000|  0%| F|  |TAMS 0x00000000c3700000, 0x00000000c3700000| Untracked 
|  24|0x00000000c3800000, 0x00000000c3800000, 0x00000000c3900000|  0%| F|  |TAMS 0x00000000c3800000, 0x00000000c3800000| Untracked 
|  25|0x00000000c3900000, 0x00000000c3900000, 0x00000000c3a00000|  0%| F|  |TAMS 0x00000000c3900000, 0x00000000c3900000| Untracked 
|  26|0x00000000c3a00000, 0x00000000c3a00000, 0x00000000c3b00000|  0%| F|  |TAMS 0x00000000c3a00000, 0x00000000c3a00000| Untracked 
|  27|0x00000000c3b00000, 0x00000000c3b00000, 0x00000000c3c00000|  0%| F|  |TAMS 0x00000000c3b00000, 0x00000000c3b00000| Untracked 
|  28|0x00000000c3c00000, 0x00000000c3c00000, 0x00000000c3d00000|  0%| F|  |TAMS 0x00000000c3c00000, 0x00000000c3c00000| Untracked 
|  29|0x00000000c3d00000, 0x00000000c3d00000, 0x00000000c3e00000|  0%| F|  |TAMS 0x00000000c3d00000, 0x00000000c3d00000| Untracked 
|  30|0x00000000c3e00000, 0x00000000c3e00000, 0x00000000c3f00000|  0%| F|  |TAMS 0x00000000c3e00000, 0x00000000c3e00000| Untracked 
|  31|0x00000000c3f00000, 0x00000000c3f00000, 0x00000000c4000000|  0%| F|  |TAMS 0x00000000c3f00000, 0x00000000c3f00000| Untracked 
|  32|0x00000000c4000000, 0x00000000c4100000, 0x00000000c4100000|100%| O|  |TAMS 0x00000000c4000000, 0x00000000c4100000| Untracked 
|  33|0x00000000c4100000, 0x00000000c412e000, 0x00000000c4200000| 17%| O|  |TAMS 0x00000000c4100000, 0x00000000c412e000| Untracked 
|  34|0x00000000c4200000, 0x00000000c4200000, 0x00000000c4300000|  0%| F|  |TAMS 0x00000000c4200000, 0x00000000c4200000| Untracked 
|  35|0x00000000c4300000, 0x00000000c4300000, 0x00000000c4400000|  0%| F|  |TAMS 0x00000000c4300000, 0x00000000c4300000| Untracked 
|  36|0x00000000c4400000, 0x00000000c4400000, 0x00000000c4500000|  0%| F|  |TAMS 0x00000000c4400000, 0x00000000c4400000| Untracked 
|  37|0x00000000c4500000, 0x00000000c4500000, 0x00000000c4600000|  0%| F|  |TAMS 0x00000000c4500000, 0x00000000c4500000| Untracked 
|  38|0x00000000c4600000, 0x00000000c4600000, 0x00000000c4700000|  0%| F|  |TAMS 0x00000000c4600000, 0x00000000c4600000| Untracked 
|  39|0x00000000c4700000, 0x00000000c4700000, 0x00000000c4800000|  0%| F|  |TAMS 0x00000000c4700000, 0x00000000c4700000| Untracked 
|  40|0x00000000c4800000, 0x00000000c4800000, 0x00000000c4900000|  0%| F|  |TAMS 0x00000000c4800000, 0x00000000c4800000| Untracked 
|  41|0x00000000c4900000, 0x00000000c4900000, 0x00000000c4a00000|  0%| F|  |TAMS 0x00000000c4900000, 0x00000000c4900000| Untracked 
|  42|0x00000000c4a00000, 0x00000000c4a00000, 0x00000000c4b00000|  0%| F|  |TAMS 0x00000000c4a00000, 0x00000000c4a00000| Untracked 
|  43|0x00000000c4b00000, 0x00000000c4b00000, 0x00000000c4c00000|  0%| F|  |TAMS 0x00000000c4b00000, 0x00000000c4b00000| Untracked 
|  44|0x00000000c4c00000, 0x00000000c4c00000, 0x00000000c4d00000|  0%| F|  |TAMS 0x00000000c4c00000, 0x00000000c4c00000| Untracked 
|  45|0x00000000c4d00000, 0x00000000c4d00000, 0x00000000c4e00000|  0%| F|  |TAMS 0x00000000c4d00000, 0x00000000c4d00000| Untracked 
|  46|0x00000000c4e00000, 0x00000000c4e00000, 0x00000000c4f00000|  0%| F|  |TAMS 0x00000000c4e00000, 0x00000000c4e00000| Untracked 
|  47|0x00000000c4f00000, 0x00000000c4f00000, 0x00000000c5000000|  0%| F|  |TAMS 0x00000000c4f00000, 0x00000000c4f00000| Untracked 
|  48|0x00000000c5000000, 0x00000000c5000000, 0x00000000c5100000|  0%| F|  |TAMS 0x00000000c5000000, 0x00000000c5000000| Untracked 
|  49|0x00000000c5100000, 0x00000000c5100000, 0x00000000c5200000|  0%| F|  |TAMS 0x00000000c5100000, 0x00000000c5100000| Untracked 
|  50|0x00000000c5200000, 0x00000000c5200000, 0x00000000c5300000|  0%| F|  |TAMS 0x00000000c5200000, 0x00000000c5200000| Untracked 
|  51|0x00000000c5300000, 0x00000000c5300000, 0x00000000c5400000|  0%| F|  |TAMS 0x00000000c5300000, 0x00000000c5300000| Untracked 
|  52|0x00000000c5400000, 0x00000000c5400000, 0x00000000c5500000|  0%| F|  |TAMS 0x00000000c5400000, 0x00000000c5400000| Untracked 
|  53|0x00000000c5500000, 0x00000000c5500000, 0x00000000c5600000|  0%| F|  |TAMS 0x00000000c5500000, 0x00000000c5500000| Untracked 
|  54|0x00000000c5600000, 0x00000000c5600000, 0x00000000c5700000|  0%| F|  |TAMS 0x00000000c5600000, 0x00000000c5600000| Untracked 
|  55|0x00000000c5700000, 0x00000000c5700000, 0x00000000c5800000|  0%| F|  |TAMS 0x00000000c5700000, 0x00000000c5700000| Untracked 
|  56|0x00000000c5800000, 0x00000000c5800000, 0x00000000c5900000|  0%| F|  |TAMS 0x00000000c5800000, 0x00000000c5800000| Untracked 
|  57|0x00000000c5900000, 0x00000000c5900000, 0x00000000c5a00000|  0%| F|  |TAMS 0x00000000c5900000, 0x00000000c5900000| Untracked 
|  58|0x00000000c5a00000, 0x00000000c5a00000, 0x00000000c5b00000|  0%| F|  |TAMS 0x00000000c5a00000, 0x00000000c5a00000| Untracked 
|  59|0x00000000c5b00000, 0x00000000c5b00000, 0x00000000c5c00000|  0%| F|  |TAMS 0x00000000c5b00000, 0x00000000c5b00000| Untracked 
|  60|0x00000000c5c00000, 0x00000000c5c00000, 0x00000000c5d00000|  0%| F|  |TAMS 0x00000000c5c00000, 0x00000000c5c00000| Untracked 
|  61|0x00000000c5d00000, 0x00000000c5d24e20, 0x00000000c5e00000| 14%| S|CS|TAMS 0x00000000c5d00000, 0x00000000c5d00000| Complete 
|  62|0x00000000c5e00000, 0x00000000c5f00000, 0x00000000c5f00000|100%| S|CS|TAMS 0x00000000c5e00000, 0x00000000c5e00000| Complete 
|  63|0x00000000c5f00000, 0x00000000c6000000, 0x00000000c6000000|100%| S|CS|TAMS 0x00000000c5f00000, 0x00000000c5f00000| Complete 
|  64|0x00000000c6000000, 0x00000000c6000000, 0x00000000c6100000|  0%| F|  |TAMS 0x00000000c6000000, 0x00000000c6000000| Untracked 
|  65|0x00000000c6100000, 0x00000000c6100000, 0x00000000c6200000|  0%| F|  |TAMS 0x00000000c6100000, 0x00000000c6100000| Untracked 
|  66|0x00000000c6200000, 0x00000000c6200000, 0x00000000c6300000|  0%| F|  |TAMS 0x00000000c6200000, 0x00000000c6200000| Untracked 
|  67|0x00000000c6300000, 0x00000000c6300000, 0x00000000c6400000|  0%| F|  |TAMS 0x00000000c6300000, 0x00000000c6300000| Untracked 
|  68|0x00000000c6400000, 0x00000000c6400000, 0x00000000c6500000|  0%| F|  |TAMS 0x00000000c6400000, 0x00000000c6400000| Untracked 
|  69|0x00000000c6500000, 0x00000000c6500000, 0x00000000c6600000|  0%| F|  |TAMS 0x00000000c6500000, 0x00000000c6500000| Untracked 
|  70|0x00000000c6600000, 0x00000000c6600000, 0x00000000c6700000|  0%| F|  |TAMS 0x00000000c6600000, 0x00000000c6600000| Untracked 
|  71|0x00000000c6700000, 0x00000000c6700000, 0x00000000c6800000|  0%| F|  |TAMS 0x00000000c6700000, 0x00000000c6700000| Untracked 
|  72|0x00000000c6800000, 0x00000000c6800000, 0x00000000c6900000|  0%| F|  |TAMS 0x00000000c6800000, 0x00000000c6800000| Untracked 
|  73|0x00000000c6900000, 0x00000000c6980800, 0x00000000c6a00000| 50%| E|  |TAMS 0x00000000c6900000, 0x00000000c6900000| Complete 
|  74|0x00000000c6a00000, 0x00000000c6b00000, 0x00000000c6b00000|100%| E|CS|TAMS 0x00000000c6a00000, 0x00000000c6a00000| Complete 
|  75|0x00000000c6b00000, 0x00000000c6c00000, 0x00000000c6c00000|100%| E|CS|TAMS 0x00000000c6b00000, 0x00000000c6b00000| Complete 
|  76|0x00000000c6c00000, 0x00000000c6d00000, 0x00000000c6d00000|100%| E|CS|TAMS 0x00000000c6c00000, 0x00000000c6c00000| Complete 
|  77|0x00000000c6d00000, 0x00000000c6e00000, 0x00000000c6e00000|100%| E|CS|TAMS 0x00000000c6d00000, 0x00000000c6d00000| Complete 
|  78|0x00000000c6e00000, 0x00000000c6f00000, 0x00000000c6f00000|100%| E|CS|TAMS 0x00000000c6e00000, 0x00000000c6e00000| Complete 
|  79|0x00000000c6f00000, 0x00000000c7000000, 0x00000000c7000000|100%| E|CS|TAMS 0x00000000c6f00000, 0x00000000c6f00000| Complete 
|  80|0x00000000c7000000, 0x00000000c7100000, 0x00000000c7100000|100%| E|CS|TAMS 0x00000000c7000000, 0x00000000c7000000| Complete 
|  81|0x00000000c7100000, 0x00000000c7200000, 0x00000000c7200000|100%| E|CS|TAMS 0x00000000c7100000, 0x00000000c7100000| Complete 

Card table byte_map: [0x000002131fd10000,0x000002131ff00000] _byte_map_base: 0x000002131f700000

Marking Bits (Prev, Next): (CMBitMap*) 0x0000021309292740, (CMBitMap*) 0x0000021309292700
 Prev Bits: [0x0000021321070000, 0x0000021321ff0000)
 Next Bits: [0x00000213200f0000, 0x0000021321070000)

Polling page: 0x0000021307200000

Metaspace:

Usage:
  Non-class:     18.09 MB used.
      Class:      2.43 MB used.
       Both:     20.51 MB used.

Virtual space:
  Non-class space:       64.00 MB reserved,      18.19 MB ( 28%) committed,  1 nodes.
      Class space:        1.00 GB reserved,       2.56 MB ( <1%) committed,  1 nodes.
             Both:        1.06 GB reserved,      20.75 MB (  2%) committed. 

Chunk freelists:
   Non-Class:  13.48 MB
       Class:  13.39 MB
        Both:  26.88 MB

MaxMetaspaceSize: unlimited
CompressedClassSpaceSize: 1.00 GB
Initial GC threshold: 21.00 MB
Current GC threshold: 28.12 MB
CDS: on
MetaspaceReclaimPolicy: balanced
 - commit_granule_bytes: 65536.
 - commit_granule_words: 8192.
 - virtual_space_node_default_size: 8388608.
 - enlarge_chunks_in_place: 1.
 - new_chunks_are_fully_committed: 0.
 - uncommit_free_chunks: 1.
 - use_allocation_guard: 0.
 - handle_deallocations: 1.


Internal statistics:

num_allocs_failed_limit: 0.
num_arena_births: 162.
num_arena_deaths: 0.
num_vsnodes_births: 2.
num_vsnodes_deaths: 0.
num_space_committed: 332.
num_space_uncommitted: 0.
num_chunks_returned_to_freelist: 0.
num_chunks_taken_from_freelist: 927.
num_chunk_merges: 0.
num_chunk_splits: 630.
num_chunks_enlarged: 480.
num_inconsistent_stats: 0.

CodeHeap 'non-profiled nmethods': size=120000Kb used=1946Kb max_used=1946Kb free=118053Kb
 bounds [0x00000213185f0000, 0x0000021318860000, 0x000002131fb20000]
CodeHeap 'profiled nmethods': size=120000Kb used=10089Kb max_used=10089Kb free=109910Kb
 bounds [0x0000021310b20000, 0x0000021311500000, 0x0000021318050000]
CodeHeap 'non-nmethods': size=5760Kb used=1198Kb max_used=1237Kb free=4561Kb
 bounds [0x0000021318050000, 0x00000213182c0000, 0x00000213185f0000]
 total_blobs=5230 nmethods=4734 adapters=408
 compilation: enabled
              stopped_count=0, restarted_count=0
 full_count=0

Compilation events (20 events):
Event: 8.188 Thread 0x000002132445e330 4712       3       java.lang.invoke.InvokerBytecodeGenerator::emitLoadInsn (21 bytes)
Event: 8.188 Thread 0x000002132445e330 nmethod 4712 0x00000213114eff10 code [0x00000213114f00c0, 0x00000213114f0318]
Event: 8.188 Thread 0x000002132445e330 4713       3       java.lang.invoke.InvokerBytecodeGenerator::loadInsnOpcode (98 bytes)
Event: 8.190 Thread 0x000002132445e330 nmethod 4713 0x00000213114f0490 code [0x00000213114f0700, 0x00000213114f1118]
Event: 8.190 Thread 0x000002132445e330 4717       3       java.lang.invoke.InvokerBytecodeGenerator::emitPushArgument (150 bytes)
Event: 8.192 Thread 0x000002132445e330 nmethod 4717 0x00000213114f1410 code [0x00000213114f16e0, 0x00000213114f25c8]
Event: 8.194 Thread 0x000002132445e330 4727       3       java.lang.invoke.LambdaForm$Name::<init> (44 bytes)
Event: 8.195 Thread 0x000002132445e330 nmethod 4727 0x00000213114f2990 code [0x00000213114f2ba0, 0x00000213114f3168]
Event: 8.195 Thread 0x000002132445e330 4728       3       java.lang.invoke.LambdaForm$NamedFunction::returnType (11 bytes)
Event: 8.196 Thread 0x000002132445e330 nmethod 4728 0x00000213114f3490 code [0x00000213114f3680, 0x00000213114f3ae8]
Event: 8.196 Thread 0x000002132445e330 4729       3       sun.invoke.util.Wrapper::isSubwordOrInt (20 bytes)
Event: 8.197 Thread 0x000002132445e330 nmethod 4729 0x00000213114f3d10 code [0x00000213114f3ec0, 0x00000213114f42d8]
Event: 8.197 Thread 0x000002132445e330 4733       3       sun.invoke.util.Wrapper::isSingleWord (15 bytes)
Event: 8.197 Thread 0x000002132445e330 nmethod 4733 0x00000213114f4410 code [0x00000213114f45a0, 0x00000213114f4718]
Event: 8.262 Thread 0x000002132445e330 4736       3       java.nio.DirectByteBuffer::<init> (60 bytes)
Event: 8.262 Thread 0x000002132445e330 nmethod 4736 0x00000213114f4790 code [0x00000213114f4960, 0x00000213114f4d98]
Event: 8.263 Thread 0x000002132445e330 4737   !   3       jdk.internal.jimage.BasicImageReader::getResourceBuffer (203 bytes)
Event: 8.266 Thread 0x000002132445e330 nmethod 4737 0x00000213114f4f10 code [0x00000213114f5320, 0x00000213114f6c48]
Event: 8.266 Thread 0x000002132445e330 4738       3       java.nio.DirectByteBufferR::<init> (25 bytes)
Event: 8.266 Thread 0x000002132445e330 nmethod 4738 0x00000213114f7710 code [0x00000213114f78a0, 0x00000213114f7a28]

GC Heap History (18 events):
Event: 0.999 GC heap before
{Heap before GC invocations=0 (full 0):
 garbage-first heap   total 63488K, used 13312K [0x00000000c2000000, 0x0000000100000000)
  region size 1024K, 13 young (13312K), 0 survivors (0K)
 Metaspace       used 3587K, committed 3776K, reserved 1114112K
  class space    used 387K, committed 448K, reserved 1048576K
}
Event: 1.008 GC heap after
{Heap after GC invocations=1 (full 0):
 garbage-first heap   total 63488K, used 3200K [0x00000000c2000000, 0x0000000100000000)
  region size 1024K, 2 young (2048K), 2 survivors (2048K)
 Metaspace       used 3587K, committed 3776K, reserved 1114112K
  class space    used 387K, committed 448K, reserved 1048576K
}
Event: 1.361 GC heap before
{Heap before GC invocations=1 (full 0):
 garbage-first heap   total 63488K, used 14464K [0x00000000c2000000, 0x0000000100000000)
  region size 1024K, 13 young (13312K), 2 survivors (2048K)
 Metaspace       used 5517K, committed 5696K, reserved 1114112K
  class space    used 667K, committed 768K, reserved 1048576K
}
Event: 1.367 GC heap after
{Heap after GC invocations=2 (full 0):
 garbage-first heap   total 63488K, used 3918K [0x00000000c2000000, 0x0000000100000000)
  region size 1024K, 1 young (1024K), 1 survivors (1024K)
 Metaspace       used 5517K, committed 5696K, reserved 1114112K
  class space    used 667K, committed 768K, reserved 1048576K
}
Event: 2.156 GC heap before
{Heap before GC invocations=2 (full 0):
 garbage-first heap   total 63488K, used 27470K [0x00000000c2000000, 0x0000000100000000)
  region size 1024K, 25 young (25600K), 1 survivors (1024K)
 Metaspace       used 8757K, committed 8896K, reserved 1114112K
  class space    used 1058K, committed 1152K, reserved 1048576K
}
Event: 2.164 GC heap after
{Heap after GC invocations=3 (full 0):
 garbage-first heap   total 63488K, used 4940K [0x00000000c2000000, 0x0000000100000000)
  region size 1024K, 2 young (2048K), 2 survivors (2048K)
 Metaspace       used 8757K, committed 8896K, reserved 1114112K
  class space    used 1058K, committed 1152K, reserved 1048576K
}
Event: 3.670 GC heap before
{Heap before GC invocations=3 (full 0):
 garbage-first heap   total 63488K, used 40780K [0x00000000c2000000, 0x0000000100000000)
  region size 1024K, 37 young (37888K), 2 survivors (2048K)
 Metaspace       used 14695K, committed 14912K, reserved 1114112K
  class space    used 1792K, committed 1856K, reserved 1048576K
}
Event: 3.684 GC heap after
{Heap after GC invocations=4 (full 0):
 garbage-first heap   total 63488K, used 8518K [0x00000000c2000000, 0x0000000100000000)
  region size 1024K, 5 young (5120K), 5 survivors (5120K)
 Metaspace       used 14695K, committed 14912K, reserved 1114112K
  class space    used 1792K, committed 1856K, reserved 1048576K
}
Event: 4.660 GC heap before
{Heap before GC invocations=4 (full 0):
 garbage-first heap   total 63488K, used 41286K [0x00000000c2000000, 0x0000000100000000)
  region size 1024K, 37 young (37888K), 5 survivors (5120K)
 Metaspace       used 15590K, committed 15808K, reserved 1114112K
  class space    used 1862K, committed 1920K, reserved 1048576K
}
Event: 4.683 GC heap after
{Heap after GC invocations=5 (full 0):
 garbage-first heap   total 63488K, used 12492K [0x00000000c2000000, 0x0000000100000000)
  region size 1024K, 4 young (4096K), 4 survivors (4096K)
 Metaspace       used 15590K, committed 15808K, reserved 1114112K
  class space    used 1862K, committed 1920K, reserved 1048576K
}
Event: 5.549 GC heap before
{Heap before GC invocations=5 (full 0):
 garbage-first heap   total 63488K, used 43212K [0x00000000c2000000, 0x0000000100000000)
  region size 1024K, 34 young (34816K), 4 survivors (4096K)
 Metaspace       used 15950K, committed 16128K, reserved 1114112K
  class space    used 1872K, committed 1920K, reserved 1048576K
}
Event: 5.562 GC heap after
{Heap after GC invocations=6 (full 0):
 garbage-first heap   total 63488K, used 13714K [0x00000000c2000000, 0x0000000100000000)
  region size 1024K, 2 young (2048K), 2 survivors (2048K)
 Metaspace       used 15950K, committed 16128K, reserved 1114112K
  class space    used 1872K, committed 1920K, reserved 1048576K
}
Event: 6.250 GC heap before
{Heap before GC invocations=6 (full 0):
 garbage-first heap   total 63488K, used 37266K [0x00000000c2000000, 0x0000000100000000)
  region size 1024K, 18 young (18432K), 2 survivors (2048K)
 Metaspace       used 16992K, committed 17280K, reserved 1114112K
  class space    used 1995K, committed 2112K, reserved 1048576K
}
Event: 6.260 GC heap after
{Heap after GC invocations=7 (full 0):
 garbage-first heap   total 63488K, used 23097K [0x00000000c2000000, 0x0000000100000000)
  region size 1024K, 3 young (3072K), 3 survivors (3072K)
 Metaspace       used 16992K, committed 17280K, reserved 1114112K
  class space    used 1995K, committed 2112K, reserved 1048576K
}
Event: 6.263 GC heap before
{Heap before GC invocations=7 (full 0):
 garbage-first heap   total 63488K, used 35385K [0x00000000c2000000, 0x0000000100000000)
  region size 1024K, 4 young (4096K), 3 survivors (3072K)
 Metaspace       used 16992K, committed 17280K, reserved 1114112K
  class space    used 1995K, committed 2112K, reserved 1048576K
}
Event: 6.269 GC heap after
{Heap after GC invocations=8 (full 0):
 garbage-first heap   total 76800K, used 35451K [0x00000000c2000000, 0x0000000100000000)
  region size 1024K, 2 young (2048K), 2 survivors (2048K)
 Metaspace       used 16992K, committed 17280K, reserved 1114112K
  class space    used 1995K, committed 2112K, reserved 1048576K
}
Event: 7.820 GC heap before
{Heap before GC invocations=9 (full 0):
 garbage-first heap   total 83968K, used 64123K [0x00000000c2000000, 0x0000000100000000)
  region size 1024K, 20 young (20480K), 2 survivors (2048K)
 Metaspace       used 19788K, committed 20096K, reserved 1114112K
  class space    used 2313K, committed 2432K, reserved 1048576K
}
Event: 7.827 GC heap after
{Heap after GC invocations=10 (full 0):
 garbage-first heap   total 83968K, used 15691K [0x00000000c2000000, 0x0000000100000000)
  region size 1024K, 3 young (3072K), 3 survivors (3072K)
 Metaspace       used 19788K, committed 20096K, reserved 1114112K
  class space    used 2313K, committed 2432K, reserved 1048576K
}

Deoptimization events (20 events):
Event: 7.863 Thread 0x000002130925a4a0 Uncommon trap: trap_request=0xffffff45 fr.pc=0x00000213187c608c relative=0x00000000000001ec
Event: 7.863 Thread 0x000002130925a4a0 Uncommon trap: reason=unstable_if action=reinterpret pc=0x00000213187c608c method=jdk.nio.zipfs.ZipFileSystem$IndexNode.normalize([B)[B @ 66 c2
Event: 7.863 Thread 0x000002130925a4a0 DEOPT PACKING pc=0x00000213187c608c sp=0x00000083f4dfbef0
Event: 7.864 Thread 0x000002130925a4a0 DEOPT UNPACKING pc=0x00000213180a23a3 sp=0x00000083f4dfbe68 mode 2
Event: 7.921 Thread 0x000002130925a4a0 Uncommon trap: trap_request=0xffffff45 fr.pc=0x00000213187c27f4 relative=0x00000000000012b4
Event: 7.921 Thread 0x000002130925a4a0 Uncommon trap: reason=unstable_if action=reinterpret pc=0x00000213187c27f4 method=java.lang.String.<init>([BIILjava/nio/charset/Charset;)V @ 327 c2
Event: 7.921 Thread 0x000002130925a4a0 DEOPT PACKING pc=0x00000213187c27f4 sp=0x00000083f4dfc080
Event: 7.921 Thread 0x000002130925a4a0 DEOPT UNPACKING pc=0x00000213180a23a3 sp=0x00000083f4dfc058 mode 2
Event: 7.946 Thread 0x000002130925a4a0 Uncommon trap: trap_request=0xffffff45 fr.pc=0x00000213187c654c relative=0x000000000000014c
Event: 7.947 Thread 0x000002130925a4a0 Uncommon trap: reason=unstable_if action=reinterpret pc=0x00000213187c654c method=java.util.Arrays.hashCode([B)I @ 1 c2
Event: 7.947 Thread 0x000002130925a4a0 DEOPT PACKING pc=0x00000213187c654c sp=0x00000083f4dfce50
Event: 7.947 Thread 0x000002130925a4a0 DEOPT UNPACKING pc=0x00000213180a23a3 sp=0x00000083f4dfcdc0 mode 2
Event: 7.949 Thread 0x000002130925a4a0 Uncommon trap: trap_request=0xffffff45 fr.pc=0x00000213187c7cf4 relative=0x00000000000000d4
Event: 7.949 Thread 0x000002130925a4a0 Uncommon trap: reason=unstable_if action=reinterpret pc=0x00000213187c7cf4 method=jdk.nio.zipfs.ZipConstants.pkSigAt([BIII)Z @ 5 c2
Event: 7.949 Thread 0x000002130925a4a0 DEOPT PACKING pc=0x00000213187c7cf4 sp=0x00000083f4dfcca0
Event: 7.949 Thread 0x000002130925a4a0 DEOPT UNPACKING pc=0x00000213180a23a3 sp=0x00000083f4dfcc48 mode 2
Event: 7.991 Thread 0x000002130925a4a0 Uncommon trap: trap_request=0xffffff76 fr.pc=0x00000213187cb7bc relative=0x000000000000019c
Event: 7.991 Thread 0x000002130925a4a0 Uncommon trap: reason=predicate action=maybe_recompile pc=0x00000213187cb7bc method=java.util.LinkedHashMap.valuesToArray([Ljava/lang/Object;)[Ljava/lang/Object; @ 12 c2
Event: 7.991 Thread 0x000002130925a4a0 DEOPT PACKING pc=0x00000213187cb7bc sp=0x00000083f4dfcd30
Event: 7.991 Thread 0x000002130925a4a0 DEOPT UNPACKING pc=0x00000213180a23a3 sp=0x00000083f4dfcce8 mode 2

Classes unloaded (0 events):
No events

Classes redefined (0 events):
No events

Internal exceptions (20 events):
Event: 3.322 Thread 0x000002130925a4a0 Exception <a 'java/lang/NoSuchMethodError'{0x00000000c4282c20}: 'void java.lang.invoke.DirectMethodHandle$Holder.invokeSpecial(java.lang.Object, java.lang.Object, java.lang.Object, java.lang.Object, java.lang.Object)'> (0x00000000c4282c20) 
thrown [s\open\src\hotspot\share\interpreter\linkResolver.cpp, line 759]
Event: 3.328 Thread 0x000002130925a4a0 Exception <a 'java/lang/NoSuchMethodError'{0x00000000c42a02a8}: 'void java.lang.invoke.DirectMethodHandle$Holder.invokeSpecial(java.lang.Object, java.lang.Object, java.lang.Object, java.lang.Object, java.lang.Object, java.lang.Object)'> (0x00000000c42a02a8) 
thrown [s\open\src\hotspot\share\interpreter\linkResolver.cpp, line 759]
Event: 3.359 Thread 0x000002130925a4a0 Exception <a 'java/lang/NoSuchMethodError'{0x00000000c4196d68}: 'java.lang.Object java.lang.invoke.DirectMethodHandle$Holder.invokeVirtual(java.lang.Object, java.lang.Object, java.lang.Object)'> (0x00000000c4196d68) 
thrown [s\open\src\hotspot\share\interpreter\linkResolver.cpp, line 759]
Event: 4.265 Thread 0x000002130925a4a0 Implicit null exception at 0x0000021318703532 to 0x0000021318703624
Event: 4.265 Thread 0x000002130925a4a0 Implicit null exception at 0x000002131868d7ea to 0x000002131868d9a8
Event: 4.265 Thread 0x000002130925a4a0 Implicit null exception at 0x000002131868cf58 to 0x000002131868cfee
Event: 4.282 Thread 0x000002130925a4a0 Exception <a 'java/lang/NoSuchMethodError'{0x00000000c4cebaa8}: 'int java.lang.invoke.DirectMethodHandle$Holder.invokeSpecialIFC(java.lang.Object, java.lang.Object, java.lang.Object, java.lang.Object)'> (0x00000000c4cebaa8) 
thrown [s\open\src\hotspot\share\interpreter\linkResolver.cpp, line 759]
Event: 5.567 Thread 0x000002130925a4a0 Implicit null exception at 0x0000021318684a0f to 0x0000021318684a89
Event: 5.769 Thread 0x000002130925a4a0 Exception <a 'java/lang/NoSuchMethodError'{0x00000000c5bbac68}: 'java.lang.Object java.lang.invoke.DirectMethodHandle$Holder.newInvokeSpecial(java.lang.Object, java.lang.Object, java.lang.Object, java.lang.Object, java.lang.Object, java.lang.Object, java.lang.Object)'> (0x00000000c5bbac68) 
thrown [s\open\src\hotspot\share\interpreter\linkResolver.cpp, line 759]
Event: 5.776 Thread 0x000002130925a4a0 Exception <a 'java/lang/NoSuchMethodError'{0x00000000c5bbf578}: 'java.lang.Object java.lang.invoke.Invokers$Holder.linkToTargetMethod(java.lang.Object, java.lang.Object, java.lang.Object, java.lang.Object, java.lang.Object, java.lang.Object, java.lang.Object)'> (0x00000000c5bbf578) 
thrown [s\open\src\hotspot\share\interpreter\linkResolver.cpp, line 759]
Event: 6.140 Thread 0x000002130925a4a0 Exception <a 'java/lang/NoSuchMethodError'{0x00000000c51d4568}: 'int java.lang.invoke.DirectMethodHandle$Holder.invokeVirtual(java.lang.Object, java.lang.Object)'> (0x00000000c51d4568) 
thrown [s\open\src\hotspot\share\interpreter\linkResolver.cpp, line 759]
Event: 6.206 Thread 0x000002130925a4a0 Exception <a 'java/lang/NoSuchMethodError'{0x00000000c4fc4af8}: 'int java.lang.invoke.DirectMethodHandle$Holder.invokeStatic(java.lang.Object, java.lang.Object, int)'> (0x00000000c4fc4af8) 
thrown [s\open\src\hotspot\share\interpreter\linkResolver.cpp, line 759]
Event: 6.942 Thread 0x000002130925a4a0 Exception <a 'java/lang/IncompatibleClassChangeError'{0x00000000c65e29d0}: Found class java.lang.Object, but interface was expected> (0x00000000c65e29d0) 
thrown [s\open\src\hotspot\share\interpreter\linkResolver.cpp, line 826]
Event: 6.946 Thread 0x000002130925a4a0 Exception <a 'java/lang/NoSuchMethodError'{0x00000000c65e87c8}: 'void java.lang.invoke.DirectMethodHandle$Holder.invokeInterface(java.lang.Object, java.lang.Object, java.lang.Object)'> (0x00000000c65e87c8) 
thrown [s\open\src\hotspot\share\interpreter\linkResolver.cpp, line 759]
Event: 7.264 Thread 0x000002130925a4a0 Exception <a 'java/lang/NoSuchMethodError'{0x00000000c635c328}: 'int java.lang.invoke.DirectMethodHandle$Holder.invokeInterface(java.lang.Object, java.lang.Object)'> (0x00000000c635c328) 
thrown [s\open\src\hotspot\share\interpreter\linkResolver.cpp, line 759]
Event: 7.757 Thread 0x000002130925a4a0 Exception <a 'java/lang/NoSuchMethodError'{0x00000000c60c5650}: 'int java.lang.invoke.DirectMethodHandle$Holder.invokeVirtual(java.lang.Object, java.lang.Object, java.lang.Object)'> (0x00000000c60c5650) 
thrown [s\open\src\hotspot\share\interpreter\linkResolver.cpp, line 759]
Event: 7.770 Thread 0x000002130925a4a0 Exception <a 'java/lang/NoSuchMethodError'{0x00000000c60d3ce0}: 'int java.lang.invoke.DirectMethodHandle$Holder.invokeStaticInit(java.lang.Object, java.lang.Object, java.lang.Object)'> (0x00000000c60d3ce0) 
thrown [s\open\src\hotspot\share\interpreter\linkResolver.cpp, line 759]
Event: 7.946 Thread 0x000002130925a4a0 Implicit null exception at 0x00000213187c640c to 0x00000213187c653e
Event: 8.181 Thread 0x000002130925a4a0 Exception <a 'sun/nio/fs/WindowsException'{0x00000000c6a93dc8}> (0x00000000c6a93dc8) 
thrown [s\open\src\hotspot\share\prims\jni.cpp, line 516]
Event: 8.182 Thread 0x000002130925a4a0 Exception <a 'sun/nio/fs/WindowsException'{0x00000000c6a941b8}> (0x00000000c6a941b8) 
thrown [s\open\src\hotspot\share\prims\jni.cpp, line 516]

VM Operations (20 events):
Event: 7.261 Executing VM operation: HandshakeAllThreads
Event: 7.261 Executing VM operation: HandshakeAllThreads done
Event: 7.786 Executing VM operation: HandshakeAllThreads
Event: 7.786 Executing VM operation: HandshakeAllThreads done
Event: 7.791 Executing VM operation: Cleanup
Event: 7.792 Executing VM operation: Cleanup done
Event: 7.795 Executing VM operation: HandshakeAllThreads
Event: 7.795 Executing VM operation: HandshakeAllThreads done
Event: 7.815 Executing VM operation: HandshakeAllThreads
Event: 7.815 Executing VM operation: HandshakeAllThreads done
Event: 7.816 Executing VM operation: HandshakeAllThreads
Event: 7.816 Executing VM operation: HandshakeAllThreads done
Event: 7.820 Executing VM operation: G1TryInitiateConcMark
Event: 7.827 Executing VM operation: G1TryInitiateConcMark done
Event: 8.077 Executing VM operation: HandshakeAllThreads
Event: 8.077 Executing VM operation: HandshakeAllThreads done
Event: 8.078 Executing VM operation: HandshakeAllThreads
Event: 8.078 Executing VM operation: HandshakeAllThreads done
Event: 8.182 Executing VM operation: HandshakeAllThreads
Event: 8.182 Executing VM operation: HandshakeAllThreads done

Events (20 events):
Event: 8.045 loading class jdk/internal/jimage/ImageReader$Directory
Event: 8.049 loading class jdk/internal/jimage/ImageReader$Node
Event: 8.053 loading class jdk/internal/jimage/ImageReader$Node done
Event: 8.053 loading class jdk/internal/jimage/ImageReader$Directory done
Event: 8.054 loading class jdk/internal/jrtfs/SystemImage$1
Event: 8.054 loading class jdk/internal/jrtfs/SystemImage$1 done
Event: 8.062 loading class java/util/regex/PatternSyntaxException
Event: 8.062 loading class java/util/regex/PatternSyntaxException done
Event: 8.063 loading class java/io/BufferedReader$1
Event: 8.065 loading class java/io/BufferedReader$1 done
Event: 8.071 loading class jdk/internal/jimage/ImageReader$SharedImageReader$LocationVisitor
Event: 8.073 loading class jdk/internal/jimage/ImageReader$SharedImageReader$LocationVisitor done
Event: 8.074 loading class java/nio/ByteBufferAsIntBufferL
Event: 8.077 loading class java/nio/ByteBufferAsIntBufferL done
Event: 8.083 loading class jdk/internal/jimage/ImageReader$Resource
Event: 8.084 loading class jdk/internal/jimage/ImageReader$Resource done
Event: 8.085 loading class jdk/internal/jrtfs/JrtFileAttributes
Event: 8.086 loading class jdk/internal/jrtfs/JrtFileAttributes done
Event: 8.178 loading class sun/nio/fs/WindowsException
Event: 8.181 loading class sun/nio/fs/WindowsException done


Dynamic libraries:
0x00007ff74d880000 - 0x00007ff74d890000 	D:\jdk17\bin\java.exe
0x00007ffefb630000 - 0x00007ffefb828000 	C:\WINDOWS\SYSTEM32\ntdll.dll
0x00007ffef9650000 - 0x00007ffef9712000 	C:\WINDOWS\System32\KERNEL32.DLL
0x00007ffef8cd0000 - 0x00007ffef8fce000 	C:\WINDOWS\System32\KERNELBASE.dll
0x00007ffef9160000 - 0x00007ffef9260000 	C:\WINDOWS\System32\ucrtbase.dll
0x00007ffee4370000 - 0x00007ffee438b000 	D:\jdk17\bin\VCRUNTIME140.dll
0x00007ffeea7f0000 - 0x00007ffeea809000 	D:\jdk17\bin\jli.dll
0x00007ffef9bf0000 - 0x00007ffef9ca1000 	C:\WINDOWS\System32\ADVAPI32.dll
0x00007ffef9890000 - 0x00007ffef992e000 	C:\WINDOWS\System32\msvcrt.dll
0x00007ffefb4c0000 - 0x00007ffefb55f000 	C:\WINDOWS\System32\sechost.dll
0x00007ffefa450000 - 0x00007ffefa573000 	C:\WINDOWS\System32\RPCRT4.dll
0x00007ffef9510000 - 0x00007ffef9537000 	C:\WINDOWS\System32\bcrypt.dll
0x00007ffef9cb0000 - 0x00007ffef9e4d000 	C:\WINDOWS\System32\USER32.dll
0x00007ffeeb420000 - 0x00007ffeeb6ba000 	C:\WINDOWS\WinSxS\amd64_microsoft.windows.common-controls_6595b64144ccf1df_6.0.19041.4355_none_60b8b9eb71f62e16\COMCTL32.dll
0x00007ffef9540000 - 0x00007ffef9562000 	C:\WINDOWS\System32\win32u.dll
0x00007ffefb5c0000 - 0x00007ffefb5eb000 	C:\WINDOWS\System32\GDI32.dll
0x00007ffef8fd0000 - 0x00007ffef90e7000 	C:\WINDOWS\System32\gdi32full.dll
0x00007ffef9470000 - 0x00007ffef950d000 	C:\WINDOWS\System32\msvcp_win.dll
0x00007ffee90d0000 - 0x00007ffee90da000 	C:\WINDOWS\SYSTEM32\VERSION.dll
0x00007ffefa390000 - 0x00007ffefa3bf000 	C:\WINDOWS\System32\IMM32.DLL
0x00007ffeeb1a0000 - 0x00007ffeeb1ac000 	D:\jdk17\bin\vcruntime140_1.dll
0x00007ffeb2bf0000 - 0x00007ffeb2c7e000 	D:\jdk17\bin\msvcp140.dll
0x00007ffeb2fa0000 - 0x00007ffeb3b80000 	D:\jdk17\bin\server\jvm.dll
0x00007ffef9f00000 - 0x00007ffef9f08000 	C:\WINDOWS\System32\PSAPI.DLL
0x00007ffee7410000 - 0x00007ffee7437000 	C:\WINDOWS\SYSTEM32\WINMM.dll
0x00007ffeeb700000 - 0x00007ffeeb709000 	C:\WINDOWS\SYSTEM32\WSOCK32.dll
0x00007ffefade0000 - 0x00007ffefae4b000 	C:\WINDOWS\System32\ws2_32.DLL
0x00007ffef6b10000 - 0x00007ffef6b22000 	C:\WINDOWS\SYSTEM32\kernel.appcore.dll
0x00007ffeea3d0000 - 0x00007ffeea3da000 	D:\jdk17\bin\jimage.dll
0x00007ffee7480000 - 0x00007ffee7664000 	C:\WINDOWS\SYSTEM32\DBGHELP.DLL
0x00007ffee6660000 - 0x00007ffee6694000 	C:\WINDOWS\SYSTEM32\dbgcore.DLL
0x00007ffef95c0000 - 0x00007ffef9642000 	C:\WINDOWS\System32\bcryptPrimitives.dll
0x00007ffeb2f30000 - 0x00007ffeb2f55000 	D:\jdk17\bin\java.dll
0x00007ffeb2e20000 - 0x00007ffeb2ef7000 	D:\jdk17\bin\jsvml.dll
0x00007ffefa5e0000 - 0x00007ffefad4d000 	C:\WINDOWS\System32\SHELL32.dll
0x00007ffef6d10000 - 0x00007ffef74b4000 	C:\WINDOWS\SYSTEM32\windows.storage.dll
0x00007ffefa030000 - 0x00007ffefa383000 	C:\WINDOWS\System32\combase.dll
0x00007ffef8550000 - 0x00007ffef857e000 	C:\WINDOWS\SYSTEM32\Wldp.dll
0x00007ffefb3f0000 - 0x00007ffefb4bd000 	C:\WINDOWS\System32\OLEAUT32.dll
0x00007ffef9b40000 - 0x00007ffef9bed000 	C:\WINDOWS\System32\SHCORE.dll
0x00007ffef9930000 - 0x00007ffef9985000 	C:\WINDOWS\System32\shlwapi.dll
0x00007ffef8c00000 - 0x00007ffef8c24000 	C:\WINDOWS\SYSTEM32\profapi.dll
0x00007ffee3ef0000 - 0x00007ffee3f09000 	D:\jdk17\bin\net.dll
0x00007ffeef840000 - 0x00007ffeef94d000 	C:\WINDOWS\SYSTEM32\WINHTTP.dll
0x00007ffef8330000 - 0x00007ffef839a000 	C:\WINDOWS\system32\mswsock.dll
0x00007ffee12f0000 - 0x00007ffee1306000 	D:\jdk17\bin\nio.dll
0x00007ffee0f50000 - 0x00007ffee0f68000 	D:\jdk17\bin\zip.dll
0x00007ffee9360000 - 0x00007ffee9384000 	D:\vscode\apache-maven-3.9.9-bin\apache-maven-3.9.9\lib\jansi-native\Windows\x86_64\jansi.dll
0x00007ffeea310000 - 0x00007ffeea320000 	D:\jdk17\bin\verify.dll

dbghelp: loaded successfully - version: 4.0.5 - missing functions: none
symbol engine: initialized successfully - sym options: 0x614 - pdb path: .;D:\jdk17\bin;C:\WINDOWS\SYSTEM32;C:\WINDOWS\WinSxS\amd64_microsoft.windows.common-controls_6595b64144ccf1df_6.0.19041.4355_none_60b8b9eb71f62e16;D:\jdk17\bin\server;D:\vscode\apache-maven-3.9.9-bin\apache-maven-3.9.9\lib\jansi-native\Windows\x86_64

VM Arguments:
jvm_args: -Dclassworlds.conf=D:\vscode\apache-maven-3.9.9-bin\apache-maven-3.9.9\bin\m2.conf -Dmaven.home=D:\vscode\apache-maven-3.9.9-bin\apache-maven-3.9.9 -Dlibrary.jansi.path=D:\vscode\apache-maven-3.9.9-bin\apache-maven-3.9.9\lib\jansi-native -Dmaven.multiModuleProjectDirectory=C:\Users\Administrator\Desktop\Smoking-Cessation-Support-Platform\smoking-cessation-platform 
java_command: org.codehaus.plexus.classworlds.launcher.Launcher spring-boot:run
java_class_path (initial): D:\vscode\apache-maven-3.9.9-bin\apache-maven-3.9.9\boot\plexus-classworlds-2.8.0.jar
Launcher Type: SUN_STANDARD

[Global flags]
     intx CICompilerCount                          = 3                                         {product} {ergonomic}
     uint ConcGCThreads                            = 1                                         {product} {ergonomic}
     uint G1ConcRefinementThreads                  = 4                                         {product} {ergonomic}
   size_t G1HeapRegionSize                         = 1048576                                   {product} {ergonomic}
    uintx GCDrainStackTargetSize                   = 64                                        {product} {ergonomic}
   size_t InitialHeapSize                          = 65011712                                  {product} {ergonomic}
   size_t MarkStackSize                            = 4194304                                   {product} {ergonomic}
   size_t MaxHeapSize                              = 1040187392                                {product} {ergonomic}
   size_t MaxNewSize                               = 623902720                                 {product} {ergonomic}
   size_t MinHeapDeltaBytes                        = 1048576                                   {product} {ergonomic}
   size_t MinHeapSize                              = 8388608                                   {product} {ergonomic}
    uintx NonNMethodCodeHeapSize                   = 5832780                                {pd product} {ergonomic}
    uintx NonProfiledCodeHeapSize                  = 122912730                              {pd product} {ergonomic}
    uintx ProfiledCodeHeapSize                     = 122912730                              {pd product} {ergonomic}
    uintx ReservedCodeCacheSize                    = 251658240                              {pd product} {ergonomic}
     bool SegmentedCodeCache                       = true                                      {product} {ergonomic}
   size_t SoftMaxHeapSize                          = 1040187392                             {manageable} {ergonomic}
     bool UseCompressedClassPointers               = true                           {product lp64_product} {ergonomic}
     bool UseCompressedOops                        = true                           {product lp64_product} {ergonomic}
     bool UseG1GC                                  = true                                      {product} {ergonomic}
     bool UseLargePagesIndividualAllocation        = false                                  {pd product} {ergonomic}

Logging:
Log output configuration:
 #0: stdout all=warning uptime,level,tags
 #1: stderr all=off uptime,level,tags

Environment Variables:
PATH=C:\Program Files\Common Files\Oracle\Java\javapath;C:\Program Files\Microsoft MPI\Bin\;C:\WINDOWS\system32;C:\WINDOWS;C:\WINDOWS\System32\Wbem;C:\WINDOWS\System32\WindowsPowerShell\v1.0\;D:\mingw64\bin;C:\WINDOWS\System32\OpenSSH\;C:\Program Files\Microsoft SQL Server\Client SDK\ODBC\170\Tools\Binn\;C:\Program Files (x86)\Windows Kits\10\Windows Performance Toolkit\;C:\Program Files\dotnet\;D:\Git\cmd;D:\jdk17\bin;C:\Program Files\Docker\Docker\resources\bin;D:\vscode\apache-maven-3.9.9-bin\apache-maven-3.9.9\bin;C:\Users\Administrator\AppData\Local\Microsoft\WindowsApps;C:\Users\Administrator\.dotnet\tools;C:\Users\Administrator\AppData\Local\Programs\Microsoft VS Code\bin;D:\vscode\apache-maven-3.9.9-bin\apache-maven-3.9.9\bin;
USERNAME=Administrator
LANG=en_US.UTF-8
OS=Windows_NT
PROCESSOR_IDENTIFIER=Intel64 Family 6 Model 58 Stepping 9, GenuineIntel



---------------  S Y S T E M  ---------------

OS:
 Windows 10 , 64 bit Build 19041 (10.0.19041.5198)
OS uptime: 0 days 0:49 hours
Hyper-V role detected

CPU: total 4 (initial active 4) (2 cores per cpu, 2 threads per core) family 6 model 58 stepping 9 microcode 0x21, cx8, cmov, fxsr, ht, mmx, sse, sse2, sse3, ssse3, sse4.1, sse4.2, popcnt, tsc, tscinvbit, avx, aes, erms, clmul, vzeroupper, clflush, hv

Memory: 4k page, system-wide physical 3962M (130M free)
TotalPageFile size 8058M (AvailPageFile size 3M)
current process WorkingSet (physical memory assigned to process): 185M, peak: 185M
current process commit charge ("private bytes"): 214M, peak: 215M

vm_info: Java HotSpot(TM) 64-Bit Server VM (17.0.12+8-LTS-286) for windows-amd64 JRE (17.0.12+8-LTS-286), built on Jun  5 2024 06:46:59 by "mach5one" with MS VC++ 17.6 (VS2022)

END.
